/*C3*/SET SCHEMA PUBLIC
DISCONNECT
/*C4*/SET SCHEMA PUBLIC
DELETE FROM STUDENTS WHERE STUDENT_ID=1000
DELETE FROM STUDENTS WHERE STUDENT_ID=1002
DELETE FROM STUDENTS WHERE STUDENT_ID=1003
DELETE FROM STUDENTS WHERE STUDENT_ID=1004
DELETE FROM STUDENTS WHERE STUDENT_ID=1011
COMMIT
DELETE FROM GROUPS WHERE GROUP_ID=2
DELETE FROM GROUPS WHERE GROUP_ID=3
COMMIT
INSERT INTO GROUPS VALUES(2,'Bill',NULL)
COMMIT
INSERT INTO GROUPS VALUES(3,'George',NULL)
COMMIT
INSERT INTO STUDENTS VALUES(1000,'Bill','Gates','1968-04-26',2)
COMMIT
INSERT INTO STUDENTS VALUES(1002,'George','Bush','1949-08-17',2)
COMMIT
INSERT INTO STUDENTS VALUES(1011,'Andrey','Verkhovtsev','1989-05-24',3)
COMMIT
INSERT INTO STUDENTS VALUES(1003,'Alexey','Grachov','1988-11-08',2)
COMMIT
INSERT INTO STUDENTS VALUES(1004,'Alexey','Grachov','1988-05-12',3)
COMMIT
INSERT INTO STUDENTS VALUES(1032,'John','Doe','2012-01-19',3)
COMMIT
DELETE FROM STUDENTS WHERE STUDENT_ID=1000
DELETE FROM STUDENTS WHERE STUDENT_ID=1002
DELETE FROM STUDENTS WHERE STUDENT_ID=1003
DELETE FROM STUDENTS WHERE STUDENT_ID=1004
DELETE FROM STUDENTS WHERE STUDENT_ID=1011
DELETE FROM STUDENTS WHERE STUDENT_ID=1032
COMMIT
DELETE FROM GROUPS WHERE GROUP_ID=2
DELETE FROM GROUPS WHERE GROUP_ID=3
COMMIT
INSERT INTO GROUPS VALUES(2,'Bill',NULL)
COMMIT
INSERT INTO GROUPS VALUES(3,'George',NULL)
COMMIT
INSERT INTO STUDENTS VALUES(1000,'Bill','Gates','1968-04-26',2)
COMMIT
INSERT INTO STUDENTS VALUES(1002,'George','Bush','1949-08-17',2)
COMMIT
INSERT INTO STUDENTS VALUES(1011,'Andrey','Verkhovtsev','1989-05-24',3)
COMMIT
INSERT INTO STUDENTS VALUES(1003,'Alexey','Grachov','1988-11-08',2)
COMMIT
INSERT INTO STUDENTS VALUES(1004,'Alexey','Grachov','1988-05-12',3)
COMMIT
DELETE FROM STUDENTS WHERE STUDENT_ID=1000
DELETE FROM STUDENTS WHERE STUDENT_ID=1002
DELETE FROM STUDENTS WHERE STUDENT_ID=1003
DELETE FROM STUDENTS WHERE STUDENT_ID=1004
DELETE FROM STUDENTS WHERE STUDENT_ID=1011
COMMIT
DELETE FROM GROUPS WHERE GROUP_ID=2
DELETE FROM GROUPS WHERE GROUP_ID=3
COMMIT
